<?xml version="1.0" encoding="UTF-8"?>
<testsuites name="Tests_Authentication" time="1" tests="1" failures="0" errors="0">
   <testsuite name="Tests_Authentication" tests="1" failures="0" errors="0" time="1" timestamp="2018-02-14 12:48:08" hostname="aekachaiboonruang - 192.168.2.46" id="Test Suites/Tests_Authentication">
      <properties>
         <property name="deviceName" value=""/>
         <property name="devicePlatform" value=""/>
         <property name="logFolder" value="/Users/aekachaiboonruang/Desktop/RIderr-Automated test/Api/Reports/Tests_Authentication/20180214_124804"/>
         <property name="logFiles" value="/Users/aekachaiboonruang/Desktop/RIderr-Automated test/Api/Reports/Tests_Authentication/20180214_124804/execution0.log"/>
         <property name="attachments" value=""/>
         <property name="hostName" value="aekachaiboonruang - 192.168.2.46"/>
         <property name="hostAddress" value="192.168.2.46"/>
         <property name="os" value="Mac OS X 64bit"/>
         <property name="katalonVersion" value="5.2.0.1"/>
      </properties>
      <testcase name="Test Cases/Register/Login successful case" classname="Test Cases/Register/Login successful case" status="PASSED">
         <system-out><![CDATA[2018-02-14 12:48:09 - [TEST_CASE][PASSED] - Test Cases/Register/Login successful case: Test Cases/Register/Login successful case

2018-02-14 12:48:09 - [TEST_STEP][PASSED] - Statement - response = com.kms.katalon.core.webservice.keyword.WSBuiltInKeywords.sendRequest(com.kms.katalon.core.testobject.ObjectRepository.findTestObject(Login/Login)): Send request successfully

2018-02-14 12:48:10 - [MESSAGE][PASSED] - Send request successfully

2018-02-14 12:48:10 - [TEST_STEP][PASSED] - verifyResponseStatusCode: Verify response status code successfully

2018-02-14 12:48:10 - [MESSAGE][PASSED] - Verify response status code successfully

2018-02-14 12:48:10 - [TEST_STEP][PASSED] - verifyElementPropertyValue: Verify element property value successfully

2018-02-14 12:48:10 - [MESSAGE][PASSED] - Verify element property value successfully]]></system-out>
         <system-err><![CDATA[]]></system-err>
      </testcase>
      <system-out><![CDATA[2018-02-14 12:48:08 - [TEST_SUITE][PASSED] - Tests_Authentication: Test Cases/Register/Login successful case]]></system-out>
      <system-err><![CDATA[]]></system-err>
   </testsuite>
</testsuites>
